This is pdfTeX, Version 3.14159265-2.6-1.40.20 (TeX Live 2019/Debian) (preloaded format=pdflatex 2021.11.12)  23 JUN 2022 12:01
entering extended mode
 restricted \write18 enabled.
 %&-line parsing enabled.
**document.tex
(./document.tex
LaTeX2e <2020-02-02> patch level 2
L3 programming layer <2020-02-14>
(/usr/share/texlive/texmf-dist/tex/latex/base/article.cls
Document Class: article 2019/12/20 v1.4l Standard LaTeX document class
(/usr/share/texlive/texmf-dist/tex/latex/base/size11.clo
File: size11.clo 2019/12/20 v1.4l Standard LaTeX file (size option)
)
\c@part=\count167
\c@section=\count168
\c@subsection=\count169
\c@subsubsection=\count170
\c@paragraph=\count171
\c@subparagraph=\count172
\c@figure=\count173
\c@table=\count174
\abovecaptionskip=\skip47
\belowcaptionskip=\skip48
\bibindent=\dimen134
)
(/usr/share/texlive/texmf-dist/tex/latex/url/url.sty
\Urlmuskip=\muskip16
Package: url 2013/09/16  ver 3.4  Verb mode for urls, etc.
)
(/usr/share/texlive/texmf-dist/tex/latex/fancyhdr/fancyhdr.sty
Package: fancyhdr 2019/01/31 v3.10 Extensive control of page headers and footer
s
\f@nch@headwidth=\skip49
\f@nch@O@elh=\skip50
\f@nch@O@erh=\skip51
\f@nch@O@olh=\skip52
\f@nch@O@orh=\skip53
\f@nch@O@elf=\skip54
\f@nch@O@erf=\skip55
\f@nch@O@olf=\skip56
\f@nch@O@orf=\skip57
)
(/usr/share/texlive/texmf-dist/tex/latex/lastpage/lastpage.sty
Package: lastpage 2015/03/29 v1.2m Refers to last page's name (HMM; JPG)
)
(/usr/share/texlive/texmf-dist/tex/latex/graphics/graphicx.sty
Package: graphicx 2019/11/30 v1.2a Enhanced LaTeX Graphics (DPC,SPQR)

(/usr/share/texlive/texmf-dist/tex/latex/graphics/keyval.sty
Package: keyval 2014/10/28 v1.15 key=value parser (DPC)
\KV@toks@=\toks14
)
(/usr/share/texlive/texmf-dist/tex/latex/graphics/graphics.sty
Package: graphics 2019/11/30 v1.4a Standard LaTeX Graphics (DPC,SPQR)

(/usr/share/texlive/texmf-dist/tex/latex/graphics/trig.sty
Package: trig 2016/01/03 v1.10 sin cos tan (DPC)
)
(/usr/share/texlive/texmf-dist/tex/latex/graphics-cfg/graphics.cfg
File: graphics.cfg 2016/06/04 v1.11 sample graphics configuration
)
Package graphics Info: Driver file: pdftex.def on input line 105.

(/usr/share/texlive/texmf-dist/tex/latex/graphics-def/pdftex.def
File: pdftex.def 2018/01/08 v1.0l Graphics/color driver for pdftex
))
\Gin@req@height=\dimen135
\Gin@req@width=\dimen136
)
(/usr/share/texlive/texmf-dist/tex/latex/wrapfig/wrapfig.sty
\wrapoverhang=\dimen137
\WF@size=\dimen138
\c@WF@wrappedlines=\count175
\WF@box=\box45
\WF@everypar=\toks15
Package: wrapfig 2003/01/31  v 3.6
)
(/usr/share/texlive/texmf-dist/tex/latex/caption/caption.sty
Package: caption 2020/01/03 v3.4h Customizing captions (AR)

(/usr/share/texlive/texmf-dist/tex/latex/caption/caption3.sty
Package: caption3 2020/01/03 v1.8h caption3 kernel (AR)
Package caption3 Info: TeX engine: e-TeX on input line 61.
\captionmargin=\dimen139
\captionmargin@=\dimen140
\captionwidth=\dimen141
\caption@tempdima=\dimen142
\caption@indent=\dimen143
\caption@parindent=\dimen144
\caption@hangindent=\dimen145
Package caption Info: Standard document class detected.
)
\c@caption@flags=\count176
\c@continuedfloat=\count177
Package caption Info: wrapfig package is loaded.
)
(/usr/share/texlive/texmf-dist/tex/latex/caption/subcaption.sty
Package: subcaption 2020/01/22 v1.3d Sub-captions (AR)
\c@subfigure=\count178
\c@subtable=\count179
)
(/usr/share/texlive/texmf-dist/tex/latex/hyperref/hyperref.sty
Package: hyperref 2020/01/14 v7.00d Hypertext links for LaTeX

(/usr/share/texlive/texmf-dist/tex/generic/ltxcmds/ltxcmds.sty
Package: ltxcmds 2019/12/15 v1.24 LaTeX kernel commands for general use (HO)
)
(/usr/share/texlive/texmf-dist/tex/generic/iftex/iftex.sty
Package: iftex 2019/11/07 v1.0c TeX engine tests
)
(/usr/share/texlive/texmf-dist/tex/latex/pdftexcmds/pdftexcmds.sty
Package: pdftexcmds 2019/11/24 v0.31 Utility functions of pdfTeX for LuaTeX (HO
)

(/usr/share/texlive/texmf-dist/tex/generic/infwarerr/infwarerr.sty
Package: infwarerr 2019/12/03 v1.5 Providing info/warning/error messages (HO)
)
Package pdftexcmds Info: \pdf@primitive is available.
Package pdftexcmds Info: \pdf@ifprimitive is available.
Package pdftexcmds Info: \pdfdraftmode found.
)
(/usr/share/texlive/texmf-dist/tex/generic/kvsetkeys/kvsetkeys.sty
Package: kvsetkeys 2019/12/15 v1.18 Key value parser (HO)
)
(/usr/share/texlive/texmf-dist/tex/generic/kvdefinekeys/kvdefinekeys.sty
Package: kvdefinekeys 2019-12-19 v1.6 Define keys (HO)
)
(/usr/share/texlive/texmf-dist/tex/generic/pdfescape/pdfescape.sty
Package: pdfescape 2019/12/09 v1.15 Implements pdfTeX's escape features (HO)
)
(/usr/share/texlive/texmf-dist/tex/latex/hycolor/hycolor.sty
Package: hycolor 2020-01-27 v1.10 Color options for hyperref/bookmark (HO)
)
(/usr/share/texlive/texmf-dist/tex/latex/letltxmacro/letltxmacro.sty
Package: letltxmacro 2019/12/03 v1.6 Let assignment for LaTeX macros (HO)
)
(/usr/share/texlive/texmf-dist/tex/latex/auxhook/auxhook.sty
Package: auxhook 2019-12-17 v1.6 Hooks for auxiliary files (HO)
)
(/usr/share/texlive/texmf-dist/tex/latex/kvoptions/kvoptions.sty
Package: kvoptions 2019/11/29 v3.13 Key value format for package options (HO)
)
\@linkdim=\dimen146
\Hy@linkcounter=\count180
\Hy@pagecounter=\count181

(/usr/share/texlive/texmf-dist/tex/latex/hyperref/pd1enc.def
File: pd1enc.def 2020/01/14 v7.00d Hyperref: PDFDocEncoding definition (HO)
Now handling font encoding PD1 ...
... no UTF-8 mapping file for font encoding PD1
)
(/usr/share/texlive/texmf-dist/tex/generic/intcalc/intcalc.sty
Package: intcalc 2019/12/15 v1.3 Expandable calculations with integers (HO)
)
(/usr/share/texlive/texmf-dist/tex/generic/etexcmds/etexcmds.sty
Package: etexcmds 2019/12/15 v1.7 Avoid name clashes with e-TeX commands (HO)
)
\Hy@SavedSpaceFactor=\count182
\pdfmajorversion=\count183
Package hyperref Info: Option `breaklinks' set `true' on input line 4421.
Package hyperref Info: Hyper figures OFF on input line 4547.
Package hyperref Info: Link nesting OFF on input line 4552.
Package hyperref Info: Hyper index ON on input line 4555.
Package hyperref Info: Plain pages OFF on input line 4562.
Package hyperref Info: Backreferencing OFF on input line 4567.
Package hyperref Info: Implicit mode ON; LaTeX internals redefined.
Package hyperref Info: Bookmarks ON on input line 4800.
\c@Hy@tempcnt=\count184
LaTeX Info: Redefining \url on input line 5159.
\XeTeXLinkMargin=\dimen147

(/usr/share/texlive/texmf-dist/tex/generic/bitset/bitset.sty
Package: bitset 2019/12/09 v1.3 Handle bit-vector datatype (HO)

(/usr/share/texlive/texmf-dist/tex/generic/bigintcalc/bigintcalc.sty
Package: bigintcalc 2019/12/15 v1.5 Expandable calculations on big integers (HO
)
))
\Fld@menulength=\count185
\Field@Width=\dimen148
\Fld@charsize=\dimen149
Package hyperref Info: Hyper figures OFF on input line 6430.
Package hyperref Info: Link nesting OFF on input line 6435.
Package hyperref Info: Hyper index ON on input line 6438.
Package hyperref Info: backreferencing OFF on input line 6445.
Package hyperref Info: Link coloring OFF on input line 6450.
Package hyperref Info: Link coloring with OCG OFF on input line 6455.
Package hyperref Info: PDF/A mode OFF on input line 6460.
LaTeX Info: Redefining \ref on input line 6500.
LaTeX Info: Redefining \pageref on input line 6504.

(/usr/share/texlive/texmf-dist/tex/generic/atbegshi/atbegshi.sty
Package: atbegshi 2019/12/05 v1.19 At begin shipout hook (HO)
)
\Hy@abspage=\count186
\c@Item=\count187
\c@Hfootnote=\count188
)
Package hyperref Info: Driver (autodetected): hpdftex.

(/usr/share/texlive/texmf-dist/tex/latex/hyperref/hpdftex.def
File: hpdftex.def 2020/01/14 v7.00d Hyperref driver for pdfTeX

(/usr/share/texlive/texmf-dist/tex/latex/atveryend/atveryend.sty
Package: atveryend 2019-12-11 v1.11 Hooks at the very end of document (HO)
Package atveryend Info: \enddocument detected (standard20110627).
)
\Fld@listcount=\count189
\c@bookmark@seq@number=\count190

(/usr/share/texlive/texmf-dist/tex/latex/rerunfilecheck/rerunfilecheck.sty
Package: rerunfilecheck 2019/12/05 v1.9 Rerun checks for auxiliary files (HO)

(/usr/share/texlive/texmf-dist/tex/generic/uniquecounter/uniquecounter.sty
Package: uniquecounter 2019/12/15 v1.4 Provide unlimited unique counter (HO)
)
Package uniquecounter Info: New unique counter `rerunfilecheck' on input line 2
86.
)
\Hy@SectionHShift=\skip58
)
(/usr/share/texlive/texmf-dist/tex/generic/babel/babel.sty
Package: babel 2020/02/14 3.40 The Babel package

(/usr/share/texlive/texmf-dist/tex/generic/babel/switch.def
File: switch.def 2020/02/14 3.40 Babel switching mechanism
)
(/usr/share/texlive/texmf-dist/tex/generic/babel-spanish/spanish.ldf
Language: spanish.ldf 2016/03/03 v5.0p Spanish support from the babel system

(/usr/share/texlive/texmf-dist/tex/generic/babel/babel.def
File: babel.def 2020/02/14 3.40 Babel common definitions
\babel@savecnt=\count191
\U@D=\dimen150

(/usr/share/texlive/texmf-dist/tex/generic/babel/txtbabel.def)
\bbl@readstream=\read2
\bbl@dirlevel=\count192
)
\es@quottoks=\toks16
\es@quotdepth=\count193
Package babel Info: Making " an active character on input line 561.
Package babel Info: Making . an active character on input line 662.
Package babel Info: Making < an active character on input line 707.
Package babel Info: Making > an active character on input line 707.
))
(/usr/share/texlive/texmf-dist/tex/latex/base/inputenc.sty
Package: inputenc 2018/08/11 v1.3c Input encoding file
\inpenc@prehook=\toks17
\inpenc@posthook=\toks18

(/usr/share/texlive/texmf-dist/tex/latex/ucs/utf8x.def
File: utf8x.def 2004/10/17 UCS: Input encoding UTF-8
))
(/usr/share/texlive/texmf-dist/tex/latex/ucs/ucs.sty
Package: ucs 2013/05/11 v2.2 UCS: Unicode input support

(/usr/share/texlive/texmf-dist/tex/latex/ucs/data/uni-global.def
File: uni-global.def 2013/05/13 UCS: Unicode global data
)
\uc@secondtry=\count194
\uc@combtoks=\toks19
\uc@combtoksb=\toks20
\uc@temptokena=\toks21
)
(/usr/share/texlive/texmf-dist/tex/latex/vmargin/vmargin.sty
Package: vmargin 2004/07/15 V2.5 set document margins (VK)

Package: vmargin 2004/07/15 V2.5 set document margins (VK)
\PaperWidth=\dimen151
\PaperHeight=\dimen152
) (/usr/share/texlive/texmf-dist/tex/latex/listings/listings.sty
\lst@mode=\count195
\lst@gtempboxa=\box46
\lst@token=\toks22
\lst@length=\count196
\lst@currlwidth=\dimen153
\lst@column=\count197
\lst@pos=\count198
\lst@lostspace=\dimen154
\lst@width=\dimen155
\lst@newlines=\count199
\lst@lineno=\count266
\lst@maxwidth=\dimen156

(/usr/share/texlive/texmf-dist/tex/latex/listings/lstmisc.sty
File: lstmisc.sty 2019/09/10 1.8c (Carsten Heinz)
\c@lstnumber=\count267
\lst@skipnumbers=\count268
\lst@framebox=\box47
)
(/usr/share/texlive/texmf-dist/tex/latex/listings/listings.cfg
File: listings.cfg 2019/09/10 1.8c listings configuration
))
Package: listings 2019/09/10 1.8c (Carsten Heinz)

(/usr/share/texlive/texmf-dist/tex/latex/amsmath/amsmath.sty
Package: amsmath 2020/01/20 v2.17e AMS math features
\@mathmargin=\skip59

For additional information on amsmath, use the `?' option.
(/usr/share/texlive/texmf-dist/tex/latex/amsmath/amstext.sty
Package: amstext 2000/06/29 v2.01 AMS text

(/usr/share/texlive/texmf-dist/tex/latex/amsmath/amsgen.sty
File: amsgen.sty 1999/11/30 v2.0 generic functions
\@emptytoks=\toks23
\ex@=\dimen157
))
(/usr/share/texlive/texmf-dist/tex/latex/amsmath/amsbsy.sty
Package: amsbsy 1999/11/29 v1.2d Bold Symbols
\pmbraise@=\dimen158
)
(/usr/share/texlive/texmf-dist/tex/latex/amsmath/amsopn.sty
Package: amsopn 2016/03/08 v2.02 operator names
)
\inf@bad=\count269
LaTeX Info: Redefining \frac on input line 227.
\uproot@=\count270
\leftroot@=\count271
LaTeX Info: Redefining \overline on input line 389.
\classnum@=\count272
\DOTSCASE@=\count273
LaTeX Info: Redefining \ldots on input line 486.
LaTeX Info: Redefining \dots on input line 489.
LaTeX Info: Redefining \cdots on input line 610.
\Mathstrutbox@=\box48
\strutbox@=\box49
\big@size=\dimen159
LaTeX Font Info:    Redeclaring font encoding OML on input line 733.
LaTeX Font Info:    Redeclaring font encoding OMS on input line 734.
\macc@depth=\count274
\c@MaxMatrixCols=\count275
\dotsspace@=\muskip17
\c@parentequation=\count276
\dspbrk@lvl=\count277
\tag@help=\toks24
\row@=\count278
\column@=\count279
\maxfields@=\count280
\andhelp@=\toks25
\eqnshift@=\dimen160
\alignsep@=\dimen161
\tagshift@=\dimen162
\tagwidth@=\dimen163
\totwidth@=\dimen164
\lineht@=\dimen165
\@envbody=\toks26
\multlinegap=\skip60
\multlinetaggap=\skip61
\mathdisplay@stack=\toks27
LaTeX Info: Redefining \[ on input line 2859.
LaTeX Info: Redefining \] on input line 2860.
)
(/usr/share/texlive/texmf-dist/tex/latex/graphics/color.sty
Package: color 2019/11/23 v1.2a Standard LaTeX Color (DPC)

(/usr/share/texlive/texmf-dist/tex/latex/graphics-cfg/color.cfg
File: color.cfg 2016/01/02 v1.6 sample color configuration
)
Package color Info: Driver file: pdftex.def on input line 147.
)
(/usr/share/texlive/texmf-dist/tex/latex/import/import.sty
Package: import 2009/03/23  v 5.1
)
(/usr/share/texlive/texmf-dist/tex/latex/eurosym/eurosym.sty
Package: eurosym 1998/08/06 v1.1 European currency symbol ``Euro''
\@eurobox=\box50
)
(/usr/share/texlive/texmf-dist/tex/latex/listings/lstlang1.sty
File: lstlang1.sty 2019/09/10 1.8c listings language file
)
(/usr/share/texlive/texmf-dist/tex/latex/listings/lstlang1.sty
File: lstlang1.sty 2019/09/10 1.8c listings language file
)
(/usr/share/texlive/texmf-dist/tex/latex/listings/lstmisc.sty
File: lstmisc.sty 2019/09/10 1.8c (Carsten Heinz)
)
(/usr/share/texlive/texmf-dist/tex/latex/xcolor/xcolor.sty
Package: xcolor 2016/05/11 v2.12 LaTeX color extensions (UK)

(/usr/share/texlive/texmf-dist/tex/latex/graphics-cfg/color.cfg
File: color.cfg 2016/01/02 v1.6 sample color configuration
)
Package xcolor Info: Driver file: pdftex.def on input line 225.
LaTeX Info: Redefining \color on input line 709.
Package xcolor Info: Model `cmy' substituted by `cmy0' on input line 1348.
Package xcolor Info: Model `hsb' substituted by `rgb' on input line 1352.
Package xcolor Info: Model `RGB' extended on input line 1364.
Package xcolor Info: Model `HTML' substituted by `rgb' on input line 1366.
Package xcolor Info: Model `Hsb' substituted by `hsb' on input line 1367.
Package xcolor Info: Model `tHsb' substituted by `hsb' on input line 1368.
Package xcolor Info: Model `HSB' substituted by `hsb' on input line 1369.
Package xcolor Info: Model `Gray' substituted by `gray' on input line 1370.
Package xcolor Info: Model `wave' substituted by `hsb' on input line 1371.

(/usr/share/texlive/texmf-dist/tex/latex/graphics/dvipsnam.def
File: dvipsnam.def 2016/06/17 v3.0m Driver-dependent file (DPC,SPQR)
))
(/usr/share/texlive/texmf-dist/tex/latex/pgf/frontendlayer/tikz.sty
(/usr/share/texlive/texmf-dist/tex/latex/pgf/basiclayer/pgf.sty
(/usr/share/texlive/texmf-dist/tex/latex/pgf/utilities/pgfrcs.sty
(/usr/share/texlive/texmf-dist/tex/generic/pgf/utilities/pgfutil-common.tex
\pgfutil@everybye=\toks28
\pgfutil@tempdima=\dimen166
\pgfutil@tempdimb=\dimen167

(/usr/share/texlive/texmf-dist/tex/generic/pgf/utilities/pgfutil-common-lists.t
ex)) (/usr/share/texlive/texmf-dist/tex/generic/pgf/utilities/pgfutil-latex.def
\pgfutil@abb=\box51
(/usr/share/texlive/texmf-dist/tex/latex/ms/everyshi.sty
Package: everyshi 2001/05/15 v3.00 EveryShipout Package (MS)
))
(/usr/share/texlive/texmf-dist/tex/generic/pgf/utilities/pgfrcs.code.tex
(/usr/share/texlive/texmf-dist/tex/generic/pgf/pgf.revision.tex)
Package: pgfrcs 2020/01/08 v3.1.5b (3.1.5b)
))
Package: pgf 2020/01/08 v3.1.5b (3.1.5b)

(/usr/share/texlive/texmf-dist/tex/latex/pgf/basiclayer/pgfcore.sty
(/usr/share/texlive/texmf-dist/tex/latex/pgf/systemlayer/pgfsys.sty
(/usr/share/texlive/texmf-dist/tex/generic/pgf/systemlayer/pgfsys.code.tex
Package: pgfsys 2020/01/08 v3.1.5b (3.1.5b)

(/usr/share/texlive/texmf-dist/tex/generic/pgf/utilities/pgfkeys.code.tex
\pgfkeys@pathtoks=\toks29
\pgfkeys@temptoks=\toks30

(/usr/share/texlive/texmf-dist/tex/generic/pgf/utilities/pgfkeysfiltered.code.t
ex
\pgfkeys@tmptoks=\toks31
))
\pgf@x=\dimen168
\pgf@y=\dimen169
\pgf@xa=\dimen170
\pgf@ya=\dimen171
\pgf@xb=\dimen172
\pgf@yb=\dimen173
\pgf@xc=\dimen174
\pgf@yc=\dimen175
\pgf@xd=\dimen176
\pgf@yd=\dimen177
\w@pgf@writea=\write3
\r@pgf@reada=\read3
\c@pgf@counta=\count281
\c@pgf@countb=\count282
\c@pgf@countc=\count283
\c@pgf@countd=\count284
\t@pgf@toka=\toks32
\t@pgf@tokb=\toks33
\t@pgf@tokc=\toks34
\pgf@sys@id@count=\count285
 (/usr/share/texlive/texmf-dist/tex/generic/pgf/systemlayer/pgf.cfg
File: pgf.cfg 2020/01/08 v3.1.5b (3.1.5b)
)
Driver file for pgf: pgfsys-pdftex.def

(/usr/share/texlive/texmf-dist/tex/generic/pgf/systemlayer/pgfsys-pdftex.def
File: pgfsys-pdftex.def 2020/01/08 v3.1.5b (3.1.5b)

(/usr/share/texlive/texmf-dist/tex/generic/pgf/systemlayer/pgfsys-common-pdf.de
f
File: pgfsys-common-pdf.def 2020/01/08 v3.1.5b (3.1.5b)
)))
(/usr/share/texlive/texmf-dist/tex/generic/pgf/systemlayer/pgfsyssoftpath.code.
tex
File: pgfsyssoftpath.code.tex 2020/01/08 v3.1.5b (3.1.5b)
\pgfsyssoftpath@smallbuffer@items=\count286
\pgfsyssoftpath@bigbuffer@items=\count287
)
(/usr/share/texlive/texmf-dist/tex/generic/pgf/systemlayer/pgfsysprotocol.code.
tex
File: pgfsysprotocol.code.tex 2020/01/08 v3.1.5b (3.1.5b)
))
(/usr/share/texlive/texmf-dist/tex/generic/pgf/basiclayer/pgfcore.code.tex
Package: pgfcore 2020/01/08 v3.1.5b (3.1.5b)

(/usr/share/texlive/texmf-dist/tex/generic/pgf/math/pgfmath.code.tex
(/usr/share/texlive/texmf-dist/tex/generic/pgf/math/pgfmathcalc.code.tex
(/usr/share/texlive/texmf-dist/tex/generic/pgf/math/pgfmathutil.code.tex)
(/usr/share/texlive/texmf-dist/tex/generic/pgf/math/pgfmathparser.code.tex
\pgfmath@dimen=\dimen178
\pgfmath@count=\count288
\pgfmath@box=\box52
\pgfmath@toks=\toks35
\pgfmath@stack@operand=\toks36
\pgfmath@stack@operation=\toks37
)
(/usr/share/texlive/texmf-dist/tex/generic/pgf/math/pgfmathfunctions.code.tex
(/usr/share/texlive/texmf-dist/tex/generic/pgf/math/pgfmathfunctions.basic.code
.tex)
(/usr/share/texlive/texmf-dist/tex/generic/pgf/math/pgfmathfunctions.trigonomet
ric.code.tex)
(/usr/share/texlive/texmf-dist/tex/generic/pgf/math/pgfmathfunctions.random.cod
e.tex)
(/usr/share/texlive/texmf-dist/tex/generic/pgf/math/pgfmathfunctions.comparison
.code.tex)
(/usr/share/texlive/texmf-dist/tex/generic/pgf/math/pgfmathfunctions.base.code.
tex)
(/usr/share/texlive/texmf-dist/tex/generic/pgf/math/pgfmathfunctions.round.code
.tex)
(/usr/share/texlive/texmf-dist/tex/generic/pgf/math/pgfmathfunctions.misc.code.
tex)
(/usr/share/texlive/texmf-dist/tex/generic/pgf/math/pgfmathfunctions.integerari
thmetics.code.tex)))
(/usr/share/texlive/texmf-dist/tex/generic/pgf/math/pgfmathfloat.code.tex
\c@pgfmathroundto@lastzeros=\count289
))
(/usr/share/texlive/texmf-dist/tex/generic/pgf/math/pgfint.code.tex)
(/usr/share/texlive/texmf-dist/tex/generic/pgf/basiclayer/pgfcorepoints.code.te
x
File: pgfcorepoints.code.tex 2020/01/08 v3.1.5b (3.1.5b)
\pgf@picminx=\dimen179
\pgf@picmaxx=\dimen180
\pgf@picminy=\dimen181
\pgf@picmaxy=\dimen182
\pgf@pathminx=\dimen183
\pgf@pathmaxx=\dimen184
\pgf@pathminy=\dimen185
\pgf@pathmaxy=\dimen186
\pgf@xx=\dimen187
\pgf@xy=\dimen188
\pgf@yx=\dimen189
\pgf@yy=\dimen190
\pgf@zx=\dimen191
\pgf@zy=\dimen192
)
(/usr/share/texlive/texmf-dist/tex/generic/pgf/basiclayer/pgfcorepathconstruct.
code.tex
File: pgfcorepathconstruct.code.tex 2020/01/08 v3.1.5b (3.1.5b)
\pgf@path@lastx=\dimen193
\pgf@path@lasty=\dimen194
)
(/usr/share/texlive/texmf-dist/tex/generic/pgf/basiclayer/pgfcorepathusage.code
.tex
File: pgfcorepathusage.code.tex 2020/01/08 v3.1.5b (3.1.5b)
\pgf@shorten@end@additional=\dimen195
\pgf@shorten@start@additional=\dimen196
)
(/usr/share/texlive/texmf-dist/tex/generic/pgf/basiclayer/pgfcorescopes.code.te
x
File: pgfcorescopes.code.tex 2020/01/08 v3.1.5b (3.1.5b)
\pgfpic=\box53
\pgf@hbox=\box54
\pgf@layerbox@main=\box55
\pgf@picture@serial@count=\count290
)
(/usr/share/texlive/texmf-dist/tex/generic/pgf/basiclayer/pgfcoregraphicstate.c
ode.tex
File: pgfcoregraphicstate.code.tex 2020/01/08 v3.1.5b (3.1.5b)
\pgflinewidth=\dimen197
)
(/usr/share/texlive/texmf-dist/tex/generic/pgf/basiclayer/pgfcoretransformation
s.code.tex
File: pgfcoretransformations.code.tex 2020/01/08 v3.1.5b (3.1.5b)
\pgf@pt@x=\dimen198
\pgf@pt@y=\dimen199
\pgf@pt@temp=\dimen256
)
(/usr/share/texlive/texmf-dist/tex/generic/pgf/basiclayer/pgfcorequick.code.tex
File: pgfcorequick.code.tex 2020/01/08 v3.1.5b (3.1.5b)
)
(/usr/share/texlive/texmf-dist/tex/generic/pgf/basiclayer/pgfcoreobjects.code.t
ex
File: pgfcoreobjects.code.tex 2020/01/08 v3.1.5b (3.1.5b)
)
(/usr/share/texlive/texmf-dist/tex/generic/pgf/basiclayer/pgfcorepathprocessing
.code.tex
File: pgfcorepathprocessing.code.tex 2020/01/08 v3.1.5b (3.1.5b)
)
(/usr/share/texlive/texmf-dist/tex/generic/pgf/basiclayer/pgfcorearrows.code.te
x
File: pgfcorearrows.code.tex 2020/01/08 v3.1.5b (3.1.5b)
\pgfarrowsep=\dimen257
)
(/usr/share/texlive/texmf-dist/tex/generic/pgf/basiclayer/pgfcoreshade.code.tex
File: pgfcoreshade.code.tex 2020/01/08 v3.1.5b (3.1.5b)
\pgf@max=\dimen258
\pgf@sys@shading@range@num=\count291
\pgf@shadingcount=\count292
)
(/usr/share/texlive/texmf-dist/tex/generic/pgf/basiclayer/pgfcoreimage.code.tex
File: pgfcoreimage.code.tex 2020/01/08 v3.1.5b (3.1.5b)

(/usr/share/texlive/texmf-dist/tex/generic/pgf/basiclayer/pgfcoreexternal.code.
tex
File: pgfcoreexternal.code.tex 2020/01/08 v3.1.5b (3.1.5b)
\pgfexternal@startupbox=\box56
))
(/usr/share/texlive/texmf-dist/tex/generic/pgf/basiclayer/pgfcorelayers.code.te
x
File: pgfcorelayers.code.tex 2020/01/08 v3.1.5b (3.1.5b)
)
(/usr/share/texlive/texmf-dist/tex/generic/pgf/basiclayer/pgfcoretransparency.c
ode.tex
File: pgfcoretransparency.code.tex 2020/01/08 v3.1.5b (3.1.5b)
)
(/usr/share/texlive/texmf-dist/tex/generic/pgf/basiclayer/pgfcorepatterns.code.
tex
File: pgfcorepatterns.code.tex 2020/01/08 v3.1.5b (3.1.5b)
)
(/usr/share/texlive/texmf-dist/tex/generic/pgf/basiclayer/pgfcorerdf.code.tex
File: pgfcorerdf.code.tex 2020/01/08 v3.1.5b (3.1.5b)
)))
(/usr/share/texlive/texmf-dist/tex/generic/pgf/modules/pgfmoduleshapes.code.tex
File: pgfmoduleshapes.code.tex 2020/01/08 v3.1.5b (3.1.5b)
\pgfnodeparttextbox=\box57
) (/usr/share/texlive/texmf-dist/tex/generic/pgf/modules/pgfmoduleplot.code.tex
File: pgfmoduleplot.code.tex 2020/01/08 v3.1.5b (3.1.5b)
)
(/usr/share/texlive/texmf-dist/tex/latex/pgf/compatibility/pgfcomp-version-0-65
.sty
Package: pgfcomp-version-0-65 2020/01/08 v3.1.5b (3.1.5b)
\pgf@nodesepstart=\dimen259
\pgf@nodesepend=\dimen260
)
(/usr/share/texlive/texmf-dist/tex/latex/pgf/compatibility/pgfcomp-version-1-18
.sty
Package: pgfcomp-version-1-18 2020/01/08 v3.1.5b (3.1.5b)
)) (/usr/share/texlive/texmf-dist/tex/latex/pgf/utilities/pgffor.sty
(/usr/share/texlive/texmf-dist/tex/latex/pgf/utilities/pgfkeys.sty
(/usr/share/texlive/texmf-dist/tex/generic/pgf/utilities/pgfkeys.code.tex))
(/usr/share/texlive/texmf-dist/tex/latex/pgf/math/pgfmath.sty
(/usr/share/texlive/texmf-dist/tex/generic/pgf/math/pgfmath.code.tex))
(/usr/share/texlive/texmf-dist/tex/generic/pgf/utilities/pgffor.code.tex
Package: pgffor 2020/01/08 v3.1.5b (3.1.5b)

(/usr/share/texlive/texmf-dist/tex/generic/pgf/math/pgfmath.code.tex)
\pgffor@iter=\dimen261
\pgffor@skip=\dimen262
\pgffor@stack=\toks38
\pgffor@toks=\toks39
))
(/usr/share/texlive/texmf-dist/tex/generic/pgf/frontendlayer/tikz/tikz.code.tex
Package: tikz 2020/01/08 v3.1.5b (3.1.5b)

(/usr/share/texlive/texmf-dist/tex/generic/pgf/libraries/pgflibraryplothandlers
.code.tex
File: pgflibraryplothandlers.code.tex 2020/01/08 v3.1.5b (3.1.5b)
\pgf@plot@mark@count=\count293
\pgfplotmarksize=\dimen263
)
\tikz@lastx=\dimen264
\tikz@lasty=\dimen265
\tikz@lastxsaved=\dimen266
\tikz@lastysaved=\dimen267
\tikz@lastmovetox=\dimen268
\tikz@lastmovetoy=\dimen269
\tikzleveldistance=\dimen270
\tikzsiblingdistance=\dimen271
\tikz@figbox=\box58
\tikz@figbox@bg=\box59
\tikz@tempbox=\box60
\tikz@tempbox@bg=\box61
\tikztreelevel=\count294
\tikznumberofchildren=\count295
\tikznumberofcurrentchild=\count296
\tikz@fig@count=\count297

(/usr/share/texlive/texmf-dist/tex/generic/pgf/modules/pgfmodulematrix.code.tex
File: pgfmodulematrix.code.tex 2020/01/08 v3.1.5b (3.1.5b)
\pgfmatrixcurrentrow=\count298
\pgfmatrixcurrentcolumn=\count299
\pgf@matrix@numberofcolumns=\count300
)
\tikz@expandcount=\count301

(/usr/share/texlive/texmf-dist/tex/generic/pgf/frontendlayer/tikz/libraries/tik
zlibrarytopaths.code.tex
File: tikzlibrarytopaths.code.tex 2020/01/08 v3.1.5b (3.1.5b)
)))
(/usr/share/texlive/texmf-dist/tex/generic/pgf/frontendlayer/tikz/libraries/tik
zlibrarypositioning.code.tex
File: tikzlibrarypositioning.code.tex 2020/01/08 v3.1.5b (3.1.5b)
)
(/usr/share/texlive/texmf-dist/tex/latex/circuitikz/circuitikz.sty
Package: circuitikz 2020/02/04{} The CircuiTikz circuit drawing package version
 1.0

(/usr/share/texlive/texmf-dist/tex/generic/pgf/frontendlayer/tikz/libraries/tik
zlibrarycalc.code.tex
File: tikzlibrarycalc.code.tex 2020/01/08 v3.1.5b (3.1.5b)
)
(/usr/share/texlive/texmf-dist/tex/generic/pgf/libraries/pgflibraryarrows.meta.
code.tex
File: pgflibraryarrows.meta.code.tex 2020/01/08 v3.1.5b (3.1.5b)
\pgfarrowinset=\dimen272
\pgfarrowlength=\dimen273
\pgfarrowwidth=\dimen274
\pgfarrowlinewidth=\dimen275
)
(/usr/share/texlive/texmf-dist/tex/generic/pgf/frontendlayer/tikz/libraries/tik
zlibrarybending.code.tex
File: tikzlibrarybending.code.tex 2020/01/08 v3.1.5b (3.1.5b)

(/usr/share/texlive/texmf-dist/tex/generic/pgf/modules/pgfmodulebending.code.te
x
File: pgfmodulebending.code.tex 2020/01/08 v3.1.5b (3.1.5b)

(/usr/share/texlive/texmf-dist/tex/generic/pgf/modules/pgfmodulenonlineartransf
ormations.code.tex
File: pgfmodulenonlineartransformations.code.tex 2020/01/08 v3.1.5b (3.1.5b)
\pgftransformnonlinearflatness=\dimen276
)
(/usr/share/texlive/texmf-dist/tex/generic/pgf/libraries/pgflibrarycurvilinear.
code.tex
File: pgflibrarycurvilinear.code.tex 2020/01/08 v3.1.5b (3.1.5b)
\pgf@curvilinear@time@a=\dimen277
\pgf@curvilinear@length@a=\dimen278
\pgf@curvilinear@length@b=\dimen279
\pgf@curvilinear@length@c=\dimen280
\pgf@curvilinear@length@d=\dimen281
)
\pgf@arrows@the@rigidity=\dimen282
))
(/usr/share/texlive/texmf-dist/tex/generic/circuitikz/pgfcirc.defines.tex
\pgf@circ@count@a=\count302
\pgf@circ@count@b=\count303
\pgf@circ@count@c=\count304
\pgf@circ@res@up=\dimen283
\pgf@circ@res@down=\dimen284
\pgf@circ@res@zero=\dimen285
\pgf@circ@res@left=\dimen286
\pgf@circ@res@right=\dimen287
\pgf@circ@res@other=\dimen288
\pgf@circ@res@step=\dimen289
\pgf@circ@res@temp=\dimen290
\pgfstartlinewidth=\dimen291
\pgf@circ@Rlen=\dimen292
\pgf@circ@scaled@Rlen=\dimen293
)
(/usr/share/texlive/texmf-dist/tex/generic/circuitikz/pgfcircutils.tex)
(/usr/share/texlive/texmf-dist/tex/generic/circuitikz/pgfcircshapes.tex)
(/usr/share/texlive/texmf-dist/tex/generic/circuitikz/pgfcircmonopoles.tex)
(/usr/share/texlive/texmf-dist/tex/generic/circuitikz/pgfcircbipoles.tex)
(/usr/share/texlive/texmf-dist/tex/generic/circuitikz/pgfcirctripoles.tex
\pgf@circ@res@count=\count305
)
(/usr/share/texlive/texmf-dist/tex/generic/circuitikz/pgfcircquadpoles.tex)
(/usr/share/texlive/texmf-dist/tex/generic/circuitikz/pgfcircmultipoles.tex)
(/usr/share/texlive/texmf-dist/tex/generic/circuitikz/pgfcirclabel.tex)
(/usr/share/texlive/texmf-dist/tex/generic/circuitikz/pgfcircvoltage.tex)
(/usr/share/texlive/texmf-dist/tex/generic/circuitikz/pgfcirccurrent.tex)
(/usr/share/texlive/texmf-dist/tex/generic/circuitikz/pgfcircflow.tex)
(/usr/share/texlive/texmf-dist/tex/generic/circuitikz/pgfcircpath.tex)

Package circuitikz Warning: You did not specify one of the voltage directions:
(circuitikz)                  oldvoltagedirection, nooldvoltagedirection, 
(circuitikz)                  RPvoltages or EFvoltages 
(circuitikz)                Default directions may have changed, 
(circuitikz)                please check the manual.

) (/usr/share/texlive/texmf-dist/tex/latex/l3backend/l3backend-pdfmode.def
File: l3backend-pdfmode.def 2020-02-03 L3 backend support: PDF mode
\l__kernel_color_stack_int=\count306
\l__pdf_internal_box=\box62
)
(./document.aux
LaTeX Info: Redefining \. on input line 24.
LaTeX Info: Redefining \% on input line 24.
)
\openout1 = `document.aux'.

LaTeX Font Info:    Checking defaults for OML/cmm/m/it on input line 59.
LaTeX Font Info:    ... okay on input line 59.
LaTeX Font Info:    Checking defaults for OMS/cmsy/m/n on input line 59.
LaTeX Font Info:    ... okay on input line 59.
LaTeX Font Info:    Checking defaults for OT1/cmr/m/n on input line 59.
LaTeX Font Info:    ... okay on input line 59.
LaTeX Font Info:    Checking defaults for T1/cmr/m/n on input line 59.
LaTeX Font Info:    ... okay on input line 59.
LaTeX Font Info:    Checking defaults for TS1/cmr/m/n on input line 59.
LaTeX Font Info:    ... okay on input line 59.
LaTeX Font Info:    Checking defaults for OMX/cmex/m/n on input line 59.
LaTeX Font Info:    ... okay on input line 59.
LaTeX Font Info:    Checking defaults for U/cmr/m/n on input line 59.
LaTeX Font Info:    ... okay on input line 59.
LaTeX Font Info:    Checking defaults for PD1/pdf/m/n on input line 59.
LaTeX Font Info:    ... okay on input line 59.
Package lastpage Info: Please have a look at the pageslts package at
(lastpage)             https://www.ctan.org/pkg/pageslts
(lastpage)             ! on input line 59.

(/usr/share/texlive/texmf-dist/tex/context/base/mkii/supp-pdf.mkii
[Loading MPS to PDF converter (version 2006.09.02).]
\scratchcounter=\count307
\scratchdimen=\dimen294
\scratchbox=\box63
\nofMPsegments=\count308
\nofMParguments=\count309
\everyMPshowfont=\toks40
\MPscratchCnt=\count310
\MPscratchDim=\dimen295
\MPnumerator=\count311
\makeMPintoPDFobject=\count312
\everyMPtoPDFconversion=\toks41
) (/usr/share/texlive/texmf-dist/tex/latex/epstopdf-pkg/epstopdf-base.sty
Package: epstopdf-base 2020-01-24 v2.11 Base part for package epstopdf
Package epstopdf-base Info: Redefining graphics rule for `.eps' on input line 4
85.

(/usr/share/texlive/texmf-dist/tex/latex/latexconfig/epstopdf-sys.cfg
File: epstopdf-sys.cfg 2010/07/13 v1.3 Configuration of (r)epstopdf for TeX Liv
e
))
Package caption Info: Begin \AtBeginDocument code.
Package caption Info: hyperref package is loaded.
Package caption Info: listings package is loaded.
Package caption Info: End \AtBeginDocument code.
\AtBeginShipoutBox=\box64
Package hyperref Info: Link coloring OFF on input line 59.

(/usr/share/texlive/texmf-dist/tex/latex/hyperref/nameref.sty
Package: nameref 2019/09/16 v2.46 Cross-referencing by name of section

(/usr/share/texlive/texmf-dist/tex/latex/refcount/refcount.sty
Package: refcount 2019/12/15 v3.6 Data extraction from label references (HO)
)
(/usr/share/texlive/texmf-dist/tex/generic/gettitlestring/gettitlestring.sty
Package: gettitlestring 2019/12/15 v1.6 Cleanup title references (HO)
)
\c@section@level=\count313
)
LaTeX Info: Redefining \ref on input line 59.
LaTeX Info: Redefining \pageref on input line 59.
LaTeX Info: Redefining \nameref on input line 59.

(./document.out) (./document.out)
\@outlinefile=\write4
\openout4 = `document.out'.

LaTeX Info: Redefining \. on input line 59.
LaTeX Info: Redefining \% on input line 59.

(/usr/share/texlive/texmf-dist/tex/latex/ucs/ucsencs.def
File: ucsencs.def 2011/01/21 Fixes to fontencodings LGR, T3
)
\c@lstlisting=\count314

ABD: EveryShipout initializing macros
(/usr/share/texlive/texmf-dist/tex/latex/ucs/data/uni-0.def
File: uni-0.def 2013/05/13 UCS: Unicode data U+0000..U+00FF
)
<logo_UCM.png, id=279, 145.5036pt x 169.5936pt>
File: logo_UCM.png Graphic file (type png)
<use logo_UCM.png>
Package pdftex.def Info: logo_UCM.png  used on input line 75.
(pdftex.def)             Requested size: 164.31752pt x 191.52466pt.
 [1

{/var/lib/texmf/fonts/map/pdftex/updmap/pdftex.map} <./logo_UCM.png>] (./autori
zacion.texpdfTeX warning (ext4): destination with the same identifier (name{pag
e.1}) has been already used, duplicate ignored
<to be read again> 
                   \relax 
l.8 \newpage
             [1] (/usr/share/texlive/texmf-dist/tex/latex/ucs/data/uni-32.def
File: uni-32.def 2013/05/13 UCS: Unicode data U+2000..U+20FF
)
<cc-by-nc-sa.png, id=292, 323.2075pt x 112.42pt>
File: cc-by-nc-sa.png Graphic file (type png)
<use cc-by-nc-sa.png>
Package pdftex.def Info: cc-by-nc-sa.png  used on input line 49.
(pdftex.def)             Requested size: 323.20671pt x 112.41972pt.
) [2 <./cc-by-nc-sa.png>] (./document.toc
LaTeX Info: Redefining \. on input line 1.
LaTeX Info: Redefining \% on input line 1.
 [1])
\tf@toc=\write5
\openout5 = `document.toc'.

 (./document.lof
LaTeX Info: Redefining \. on input line 1.
LaTeX Info: Redefining \% on input line 1.
 [2])
\tf@lof=\write6
\openout6 = `document.lof'.


(./document.lot
LaTeX Info: Redefining \. on input line 1.
LaTeX Info: Redefining \% on input line 1.
)
\tf@lot=\write7
\openout7 = `document.lot'.

 [3]
Underfull \hbox (badness 10000) in paragraph at lines 133--134

 []


Underfull \hbox (badness 10000) in paragraph at lines 149--150

 []

[4] (./Introduccion.tex (./fundamento.tex
Underfull \hbox (badness 10000) in paragraph at lines 4--5

 []


Underfull \hbox (badness 10000) in paragraph at lines 6--7

 []

pdfTeX warning (ext4): destination with the same identifier (name{page.1}) has 
been already used, duplicate ignored
<to be read again> 
                   \relax 
l.7 
     [1]
Underfull \hbox (badness 10000) in paragraph at lines 8--9

 []

) (./objetivos.tex)) (./metodologia.texpdfTeX warning (ext4): destination with 
the same identifier (name{page.2}) has been already used, duplicate ignored
<to be read again> 
                   \relax 
l.3 \subsection
               {Estudio preliminar de entornos de pruebas existentes} [2]
[3]
<gantt2.png, id=515, 912.40875pt x 595.47469pt>
File: gantt2.png Graphic file (type png)
<use gantt2.png>
Package pdftex.def Info: gantt2.png  used on input line 41.
(pdftex.def)             Requested size: 469.45721pt x 499.76826pt.
 [4] [5 <./gantt2.png>]) (./hardware.tex
<RobotAliexpres.png, id=528, 341.02406pt x 339.51843pt>
File: RobotAliexpres.png Graphic file (type png)
<use RobotAliexpres.png>
Package pdftex.def Info: RobotAliexpres.png  used on input line 27.
(pdftex.def)             Requested size: 93.89265pt x 93.47923pt.
 [6 <./RobotAliexpres.png>]
<Arduinonano33.png, id=540, 462.97969pt x 220.57407pt>
File: Arduinonano33.png Graphic file (type png)
<use Arduinonano33.png>
Package pdftex.def Info: Arduinonano33.png  used on input line 40.
(pdftex.def)             Requested size: 140.84256pt x 67.10165pt.
<PuenteH.jpg, id=541, 4047.12pt x 3035.34pt>
File: PuenteH.jpg Graphic file (type jpg)
<use PuenteH.jpg>
Package pdftex.def Info: PuenteH.jpg  used on input line 47.
(pdftex.def)             Requested size: 117.36761pt x 87.99944pt.
 [7 <./Arduinonano33.png> <./PuenteH.jpg>]
<ConstruccionRObot/Encoder.png, id=552, 490.83376pt x 497.60907pt>
File: ConstruccionRObot/Encoder.png Graphic file (type png)
<use ConstruccionRObot/Encoder.png>
Package pdftex.def Info: ConstruccionRObot/Encoder.png  used on input line 56.
(pdftex.def)             Requested size: 117.36761pt x 118.98822pt.
<ConstruccionRObot/bat.jpg, id=554, 4047.12pt x 3035.34pt>
File: ConstruccionRObot/bat.jpg Graphic file (type jpg)
<use ConstruccionRObot/bat.jpg>
Package pdftex.def Info: ConstruccionRObot/bat.jpg  used on input line 65.
(pdftex.def)             Requested size: 117.36761pt x 87.99944pt.
<ConstruccionRObot/StepDown.jpg, id=556, 4047.12pt x 3035.34pt>
File: ConstruccionRObot/StepDown.jpg Graphic file (type jpg)
<use ConstruccionRObot/StepDown.jpg>
Package pdftex.def Info: ConstruccionRObot/StepDown.jpg  used on input line 74.

(pdftex.def)             Requested size: 93.89265pt x 70.39955pt.


LaTeX Warning: `!h' float specifier changed to `!ht'.

<raspberry_cam.jpg, id=558, 4047.12pt x 3035.34pt>
File: raspberry_cam.jpg Graphic file (type jpg)
<use raspberry_cam.jpg>
Package pdftex.def Info: raspberry_cam.jpg  used on input line 85.
(pdftex.def)             Requested size: 117.36761pt x 87.99944pt.
[8 <./ConstruccionRObot/Encoder.png> <./ConstruccionRObot/bat.jpg>]
<RobotPerfil.jpg, id=566, 1891.065pt x 3062.44125pt>
File: RobotPerfil.jpg Graphic file (type jpg)
<use RobotPerfil.jpg>
Package pdftex.def Info: RobotPerfil.jpg  used on input line 95.
(pdftex.def)             Requested size: 97.64915pt x 158.13104pt.
<RobotFrente.jpg, id=567, 1558.82375pt x 2691.05376pt>
File: RobotFrente.jpg Graphic file (type jpg)
<use RobotFrente.jpg>
Package pdftex.def Info: RobotFrente.jpg  used on input line 101.
(pdftex.def)             Requested size: 97.64915pt x 168.56pt.
<Camaralogi.png, id=569, 252.19218pt x 264.23718pt>
File: Camaralogi.png Graphic file (type png)
<use Camaralogi.png>
Package pdftex.def Info: Camaralogi.png  used on input line 114.
(pdftex.def)             Requested size: 93.89265pt x 98.37505pt.
 [9 <./ConstruccionRObot/StepDown.jpg> <./raspberry_cam.jpg> <./RobotPerfil.jpg
> <./RobotFrente.jpg>] [10 <./Camaralogi.png>]
<EjemploDeMarker.png, id=585, 350.05782pt x 291.33844pt>
File: EjemploDeMarker.png Graphic file (type png)
<use EjemploDeMarker.png>
Package pdftex.def Info: EjemploDeMarker.png  used on input line 143.
(pdftex.def)             Requested size: 140.84256pt x 117.21791pt.
<RobotMarker.jpg, id=591, 2422.04875pt x 2821.54124pt>
File: RobotMarker.jpg Graphic file (type jpg)
<use RobotMarker.jpg>
Package pdftex.def Info: RobotMarker.jpg  used on input line 152.
(pdftex.def)             Requested size: 140.84256pt x 164.03268pt.


LaTeX Warning: `h' float specifier changed to `ht'.

[11 <./EjemploDeMarker.png> <./RobotMarker.jpg>] [12]
<MontajeFinal.png, id=610, 357.58594pt x 606.76688pt>
File: MontajeFinal.png Graphic file (type png)
<use MontajeFinal.png>
Package pdftex.def Info: MontajeFinal.png  used on input line 229.
(pdftex.def)             Requested size: 214.5532pt x 364.06293pt.
 [13 <./MontajeFinal.png>]) (./estimaVelocidad/velocidad.tex
<ConstruccionRObot/EncoderRobot.png, id=618, 3035.34pt x 2276.505pt>
File: ConstruccionRObot/EncoderRobot.png Graphic file (type png)
<use ConstruccionRObot/EncoderRobot.png>
Package pdftex.def Info: ConstruccionRObot/EncoderRobot.png  used on input line
 8.
(pdftex.def)             Requested size: 211.26027pt x 158.43375pt.
 [14 <./ConstruccionRObot/EncoderRobot.png (PNG copy)>]
Underfull \hbox (badness 10000) in paragraph at lines 33--34

 []


Underfull \hbox (badness 10000) in paragraph at lines 35--36

 []


LaTeX Warning: Command \textperiodcentered invalid in math mode on input line 3
8.


LaTeX Warning: Command \textperiodcentered invalid in math mode on input line 3
8.


LaTeX Warning: Command \textperiodcentered invalid in math mode on input line 3
8.


LaTeX Warning: Command \textperiodcentered invalid in math mode on input line 3
8.

Missing character: There is no · in font cmr8!
Missing character: There is no · in font cmr8!
(./estimaVelocidad/TratamientoRuido/TratamientoDeRuido.tex
Underfull \hbox (badness 10000) in paragraph at lines 3--5

 []

[15]
Underfull \hbox (badness 10000) in paragraph at lines 6--7

 []

<estimaVelocidad/TratamientoRuido/PulsosEncoder_sinFiltro.png, id=636, 651.9356
2pt x 325.215pt>
File: estimaVelocidad/TratamientoRuido/PulsosEncoder_sinFiltro.png Graphic file
 (type png)
<use estimaVelocidad/TratamientoRuido/PulsosEncoder_sinFiltro.png>
Package pdftex.def Info: estimaVelocidad/TratamientoRuido/PulsosEncoder_sinFilt
ro.png  used on input line 10.
(pdftex.def)             Requested size: 328.62788pt x 163.93701pt.

Underfull \hbox (badness 10000) in paragraph at lines 14--15

 []

<estimaVelocidad/TratamientoRuido/PulsosEncoder_ConFiltro.png, id=639, 439.6425
pt x 261.97874pt>
File: estimaVelocidad/TratamientoRuido/PulsosEncoder_ConFiltro.png Graphic file
 (type png)
<use estimaVelocidad/TratamientoRuido/PulsosEncoder_ConFiltro.png>
Package pdftex.def Info: estimaVelocidad/TratamientoRuido/PulsosEncoder_ConFilt
ro.png  used on input line 21.
(pdftex.def)             Requested size: 281.68513pt x 167.8577pt.

LaTeX Warning: `h' float specifier changed to `ht'.

[16 <./estimaVelocidad/TratamientoRuido/PulsosEncoder_sinFiltro.png>]
Underfull \hbox (badness 10000) in paragraph at lines 28--29

 []

<estimaVelocidad/TratamientoRuido/maxVelEncoder.png, id=647, 683.55376pt x 392.
96812pt>
File: estimaVelocidad/TratamientoRuido/maxVelEncoder.png Graphic file (type png
)
<use estimaVelocidad/TratamientoRuido/maxVelEncoder.png>
Package pdftex.def Info: estimaVelocidad/TratamientoRuido/maxVelEncoder.png  us
ed on input line 32.
(pdftex.def)             Requested size: 328.62788pt x 188.92834pt.
[17 <./estimaVelocidad/TratamientoRuido/PulsosEncoder_ConFiltro.png> <./estimaV
elocidad/TratamientoRuido/maxVelEncoder.png (PNG copy)>]
Underfull \hbox (badness 10000) in paragraph at lines 40--42

 []

)) (./controlMotor/ControlMotor.tex
(./estimaVelocidad/cuantizacion/cuantizacion.tex
<dutycicle.png, id=654, 408.77719pt x 307.90031pt>
File: dutycicle.png Graphic file (type png)
<use dutycicle.png>
Package pdftex.def Info: dutycicle.png  used on input line 6.
(pdftex.def)             Requested size: 328.62788pt x 247.5421pt.


LaTeX Warning: `!h' float specifier changed to `!ht'.

<GeneradorDePWM.png, id=656, 417.05812pt x 313.17pt>
File: GeneradorDePWM.png Graphic file (type png)
<use GeneradorDePWM.png>
Package pdftex.def Info: GeneradorDePWM.png  used on input line 15.
(pdftex.def)             Requested size: 281.68513pt x 211.52875pt.

Underfull \hbox (badness 10000) in paragraph at lines 11--20

 []


LaTeX Warning: `!h' float specifier changed to `!ht'.

[18]
<controlMotor/PuenteH.png, id=667, 616.55344pt x 395.22656pt>
File: controlMotor/PuenteH.png Graphic file (type png)
<use controlMotor/PuenteH.png>
Package pdftex.def Info: controlMotor/PuenteH.png  used on input line 24.
(pdftex.def)             Requested size: 328.62788pt x 210.66315pt.
) [19 <./dutycicle.png> <./GeneradorDePWM.png>]
<controlMotor/FeedforwardR1_R.png, id=675, 428.40463pt x 318.88206pt>
File: controlMotor/FeedforwardR1_R.png Graphic file (type png)
<use controlMotor/FeedforwardR1_R.png>
Package pdftex.def Info: controlMotor/FeedforwardR1_R.png  used on input line 1
63.
(pdftex.def)             Requested size: 234.73523pt x 174.72879pt.
<controlMotor/FeedforwardR1_L.png, id=676, 428.40463pt x 318.88206pt>
File: controlMotor/FeedforwardR1_L.png Graphic file (type png)
<use controlMotor/FeedforwardR1_L.png>
Package pdftex.def Info: controlMotor/FeedforwardR1_L.png  used on input line 1
71.
(pdftex.def)             Requested size: 234.73523pt x 174.72879pt.
<controlMotor/FeedforwardR2_R.png, id=677, 428.40463pt x 318.88206pt>
File: controlMotor/FeedforwardR2_R.png Graphic file (type png)
<use controlMotor/FeedforwardR2_R.png>
Package pdftex.def Info: controlMotor/FeedforwardR2_R.png  used on input line 1
78.
(pdftex.def)             Requested size: 234.73523pt x 174.72879pt.
<controlMotor/FeedforwardR2_L.png, id=678, 428.40463pt x 318.88206pt>
File: controlMotor/FeedforwardR2_L.png Graphic file (type png)
<use controlMotor/FeedforwardR2_L.png>
Package pdftex.def Info: controlMotor/FeedforwardR2_L.png  used on input line 1
85.
(pdftex.def)             Requested size: 234.73523pt x 174.72879pt.
<controlMotor/FeedforwardR3_R.png, id=679, 420.95412pt x 315.90186pt>
File: controlMotor/FeedforwardR3_R.png Graphic file (type png)
<use controlMotor/FeedforwardR3_R.png>
Package pdftex.def Info: controlMotor/FeedforwardR3_R.png  used on input line 1
92.
(pdftex.def)             Requested size: 234.73523pt x 176.1615pt.
<controlMotor/FeedforwardR3_L.png, id=680, 420.95412pt x 315.90186pt>
File: controlMotor/FeedforwardR3_L.png Graphic file (type png)
<use controlMotor/FeedforwardR3_L.png>
Package pdftex.def Info: controlMotor/FeedforwardR3_L.png  used on input line 1
99.
(pdftex.def)             Requested size: 234.73523pt x 176.1615pt.

Overfull \hbox (2.43333pt too wide) in paragraph at lines 161--205
[] []
 []


Overfull \hbox (2.43333pt too wide) in paragraph at lines 161--205
[] [] 
 []


LaTeX Warning: Float too large for page by 31.43042pt on input line 208.

[20 <./controlMotor/PuenteH.png>] [21] [22 <./controlMotor/FeedforwardR1_R.png 
(PNG copy)> <./controlMotor/FeedforwardR1_L.png (PNG copy)> <./controlMotor/Fee
dforwardR2_R.png (PNG copy)> <./controlMotor/FeedforwardR2_L.png (PNG copy)> <.
/controlMotor/FeedforwardR3_R.png (PNG copy)> <./controlMotor/FeedforwardR3_L.p
ng (PNG copy)>]
Underfull \hbox (badness 10000) in paragraph at lines 214--215

 []

<controlMotor/RespuestaEscalonRD.png, id=707, 420.95412pt x 315.90186pt>
File: controlMotor/RespuestaEscalonRD.png Graphic file (type png)
<use controlMotor/RespuestaEscalonRD.png>
Package pdftex.def Info: controlMotor/RespuestaEscalonRD.png  used on input lin
e 236.
(pdftex.def)             Requested size: 231.91956pt x 174.04541pt.
<controlMotor/RespuestaEscalonRI.png, id=708, 420.95412pt x 315.90186pt>
File: controlMotor/RespuestaEscalonRI.png Graphic file (type png)
<use controlMotor/RespuestaEscalonRI.png>
Package pdftex.def Info: controlMotor/RespuestaEscalonRI.png  used on input lin
e 243.
(pdftex.def)             Requested size: 244.12663pt x 183.20874pt.

Overfull \hbox (32.16617pt too wide) in paragraph at lines 234--247
[][]  [] 
 []


Underfull \hbox (badness 10000) in paragraph at lines 228--250

 []

[23]
<controlMotor/RespuestaEscalonPID_R.png, id=720, 420.95412pt x 315.90186pt>
File: controlMotor/RespuestaEscalonPID_R.png Graphic file (type png)
<use controlMotor/RespuestaEscalonPID_R.png>
Package pdftex.def Info: controlMotor/RespuestaEscalonPID_R.png  used on input 
line 278.
(pdftex.def)             Requested size: 244.12663pt x 183.20874pt.
<controlMotor/RespuestaEscalonPID_I.png, id=721, 420.95412pt x 315.90186pt>
File: controlMotor/RespuestaEscalonPID_I.png Graphic file (type png)
<use controlMotor/RespuestaEscalonPID_I.png>
Package pdftex.def Info: controlMotor/RespuestaEscalonPID_I.png  used on input 
line 286.
(pdftex.def)             Requested size: 244.12663pt x 183.20874pt.

Overfull \hbox (32.16617pt too wide) in paragraph at lines 276--291
[][]  [] 
 []


LaTeX Warning: `h' float specifier changed to `ht'.

<controlMotor/PI_sintonizado_R.png, id=723, 420.95412pt x 315.90186pt>
File: controlMotor/PI_sintonizado_R.png Graphic file (type png)
<use controlMotor/PI_sintonizado_R.png>
Package pdftex.def Info: controlMotor/PI_sintonizado_R.png  used on input line 
300.
(pdftex.def)             Requested size: 184.03517pt x 138.1103pt.
<controlMotor/PI_sintonizado_I.png, id=724, 420.95412pt x 315.90186pt>
File: controlMotor/PI_sintonizado_I.png Graphic file (type png)
<use controlMotor/PI_sintonizado_I.png>
Package pdftex.def Info: controlMotor/PI_sintonizado_I.png  used on input line 
308.
(pdftex.def)             Requested size: 184.03517pt x 138.1103pt.

Overfull \hbox (3.99908pt too wide) in paragraph at lines 298--313
[][]  [] 
 []

[24 <./controlMotor/RespuestaEscalonRD.png (PNG copy)> <./controlMotor/Respuest
aEscalonRI.png (PNG copy)>]

LaTeX Warning: `!h' float specifier changed to `!ht'.

[25 <./controlMotor/RespuestaEscalonPID_R.png (PNG copy)> <./controlMotor/Respu
estaEscalonPID_I.png (PNG copy)> <./controlMotor/PI_sintonizado_R.png (PNG copy
)> <./controlMotor/PI_sintonizado_I.png (PNG copy)>])
(./navegacion/Navegacion.tex
<navegacion/RuedaRobotDibujo.png, id=735, 245.41687pt x 271.0125pt>
File: navegacion/RuedaRobotDibujo.png Graphic file (type png)
<use navegacion/RuedaRobotDibujo.png>
Package pdftex.def Info: navegacion/RuedaRobotDibujo.png  used on input line 7.

(pdftex.def)             Requested size: 93.89265pt x 103.68468pt.
<navegacion/ArcoRecorridoRobot.png, id=736, 197.23688pt x 182.18062pt>
File: navegacion/ArcoRecorridoRobot.png Graphic file (type png)
<use navegacion/ArcoRecorridoRobot.png>
Package pdftex.def Info: navegacion/ArcoRecorridoRobot.png  used on input line 
14.
(pdftex.def)             Requested size: 93.89265pt x 86.72571pt.
 [26 <./navegacion/RuedaRobotDibujo.png> <./navegacion/ArcoRecorridoRobot.png>]
) (./Localizacion/Localizacion.tex
Underfull \hbox (badness 10000) in paragraph at lines 2--3

 []


Underfull \hbox (badness 10000) in paragraph at lines 4--5

 []

<Localizacion/board.jpg, id=752, 1304.875pt x 702.625pt>
File: Localizacion/board.jpg Graphic file (type jpg)
<use Localizacion/board.jpg>
Package pdftex.def Info: Localizacion/board.jpg  used on input line 8.
(pdftex.def)             Requested size: 234.73523pt x 126.39198pt.

LaTeX Warning: `!h' float specifier changed to `!ht'.

[27]
Underfull \hbox (badness 10000) in paragraph at lines 22--23

 []


Underfull \hbox (badness 10000) in paragraph at lines 31--32

 []

[28 <./Localizacion/board.jpg>]
<PoseEstimation.png, id=772, 600.74437pt x 332.74312pt>
File: PoseEstimation.png Graphic file (type png)
<use PoseEstimation.png>
Package pdftex.def Info: PoseEstimation.png  used on input line 40.
(pdftex.def)             Requested size: 211.26027pt x 117.01524pt.
<ejesCamara.png, id=773, 3035.34pt x 2276.505pt>
File: ejesCamara.png Graphic file (type png)
<use ejesCamara.png>
Package pdftex.def Info: ejesCamara.png  used on input line 47.
(pdftex.def)             Requested size: 122.06331pt x 91.531pt.

Overfull \hbox (22.77477pt too wide) in paragraph at lines 38--51
[][]  [] 
 []

[29 <./PoseEstimation.png> <./ejesCamara.png (PNG copy)>]
<Localizacion/oscilacionX.png, id=786, 399.74344pt x 304.88907pt>
File: Localizacion/oscilacionX.png Graphic file (type png)
<use Localizacion/oscilacionX.png>
Package pdftex.def Info: Localizacion/oscilacionX.png  used on input line 107.
(pdftex.def)             Requested size: 180.74632pt x 137.85942pt.
<Localizacion/oscilacionY.png, id=787, 406.51875pt x 309.40594pt>
File: Localizacion/oscilacionY.png Graphic file (type png)
<use Localizacion/oscilacionY.png>
Package pdftex.def Info: Localizacion/oscilacionY.png  used on input line 113.
(pdftex.def)             Requested size: 180.74632pt x 137.56482pt.

Overfull \hbox (49.38322pt too wide) in paragraph at lines 105--117
[][] [] 
 []

) (./CreacionInfraestructura/creacion de infraestructura.tex

LaTeX Warning: Command \textperiodcentered invalid in math mode on input line 5
.


LaTeX Warning: Command \textperiodcentered invalid in math mode on input line 5
.

Missing character: There is no · in font cmr10!
[30 <./Localizacion/oscilacionX.png> <./Localizacion/oscilacionY.png>]
<CreacionInfraestructura/RedRobotario.png, id=799, 423.83344pt x 297.36093pt>
File: CreacionInfraestructura/RedRobotario.png Graphic file (type png)
<use CreacionInfraestructura/RedRobotario.png>
Package pdftex.def Info: CreacionInfraestructura/RedRobotario.png  used on inpu
t line 14.
(pdftex.def)             Requested size: 328.62788pt x 230.57484pt.
 [31 <./CreacionInfraestructura/RedRobotario.png>]
LaTeX Font Info:    Trying to load font information for OMS+cmr on input line 3
3.

(/usr/share/texlive/texmf-dist/tex/latex/base/omscmr.fd
File: omscmr.fd 2019/12/16 v2.5j Standard LaTeX font definitions
)
LaTeX Font Info:    Font shape `OMS/cmr/m/n' in size <9> not available
(Font)              Font shape `OMS/cmsy/m/n' tried instead on input line 33.
 [32]
<CreacionInfraestructura/latencia.png, id=838, 396.7322pt x 263.48438pt>
File: CreacionInfraestructura/latencia.png Graphic file (type png)
<use CreacionInfraestructura/latencia.png>
Package pdftex.def Info: CreacionInfraestructura/latencia.png  used on input li
ne 71.
(pdftex.def)             Requested size: 234.73523pt x 155.9007pt.

Underfull \hbox (badness 10000) in paragraph at lines 66--76

 []

<CreacionInfraestructura/jitterS.png, id=840, 693.34032pt x 277.035pt>
File: CreacionInfraestructura/jitterS.png Graphic file (type png)
<use CreacionInfraestructura/jitterS.png>
Package pdftex.def Info: CreacionInfraestructura/jitterS.png  used on input lin
e 80.
(pdftex.def)             Requested size: 328.62788pt x 131.30975pt.
[33 <./CreacionInfraestructura/latencia.png>]
Underfull \hbox (badness 10000) in paragraph at lines 85--88

 []

) (./software/estructuraSoftware.tex [34 <./CreacionInfraestructura/jitterS.png
>]
<software/servidor.png, id=855, 521.44812pt x 451.18562pt>
File: software/servidor.png Graphic file (type png)
<use software/servidor.png>
Package pdftex.def Info: software/servidor.png  used on input line 7.
(pdftex.def)             Requested size: 328.62788pt x 284.3517pt.
<software/softwareRaspberryPi.png, id=857, 523.7166pt x 451.4466pt>
File: software/softwareRaspberryPi.png Graphic file (type png)
<use software/softwareRaspberryPi.png>
Package pdftex.def Info: software/softwareRaspberryPi.png  used on input line 1
7.
(pdftex.def)             Requested size: 328.62788pt x 283.29002pt.
 [35 <./software/servidor.png>]
<software/arduino.png, id=864, 344.487pt x 691.6239pt>
File: software/arduino.png Graphic file (type png)
<use software/arduino.png>
Package pdftex.def Info: software/arduino.png  used on input line 27.
(pdftex.def)             Requested size: 281.68513pt x 565.56284pt.
 [36 <./software/softwareRaspberryPi.png>]
[37 <./software/arduino.png>]) (./Demostracion/Demostracion.tex
(./Demostracion/experimento2.tex
<Demostracion/calculoVector.png, id=879, 421.575pt x 316.18124pt>
File: Demostracion/calculoVector.png Graphic file (type png)
<use Demostracion/calculoVector.png>
Package pdftex.def Info: Demostracion/calculoVector.png  used on input line 10.

(pdftex.def)             Requested size: 328.62788pt x 246.47563pt.


LaTeX Warning: `!h' float specifier changed to `!ht'.

[38]
<Demostracion/navegacion.jpg, id=894, 407.27156pt x 310.91156pt>
File: Demostracion/navegacion.jpg Graphic file (type jpg)
<use Demostracion/navegacion.jpg>
Package pdftex.def Info: Demostracion/navegacion.jpg  used on input line 37.
(pdftex.def)             Requested size: 281.68513pt x 215.0463pt.


LaTeX Warning: `!h' float specifier changed to `!ht'.

<Demostracion/posicionInicial.png, id=899, 463.7325pt x 338.01282pt>
File: Demostracion/posicionInicial.png Graphic file (type png)
<use Demostracion/posicionInicial.png>
Package pdftex.def Info: Demostracion/posicionInicial.png  used on input line 4
9.
(pdftex.def)             Requested size: 180.74632pt x 131.74709pt.
<Demostracion/posicionFinal.png, id=900, 450.9347pt x 325.215pt>
File: Demostracion/posicionFinal.png Graphic file (type png)
<use Demostracion/posicionFinal.png>
Package pdftex.def Info: Demostracion/posicionFinal.png  used on input line 56.

(pdftex.def)             Requested size: 180.74632pt x 130.35661pt.

Overfull \hbox (60.33325pt too wide) in paragraph at lines 47--60
[][]  [] 
 []


LaTeX Warning: `!h' float specifier changed to `!ht'.

[39 <./Demostracion/calculoVector.png (PNG copy)>])
(./Demostracion/experimento1.tex
<Demostracion/algoritmoExp2.png, id=906, 424.7067pt x 566.5968pt>
File: Demostracion/algoritmoExp2.png Graphic file (type png)
<use Demostracion/algoritmoExp2.png>
Package pdftex.def Info: Demostracion/algoritmoExp2.png  used on input line 8.
(pdftex.def)             Requested size: 375.57779pt x 501.07071pt.


LaTeX Warning: `!h' float specifier changed to `!ht'.

<Demostracion/trianguloRobotsInicio.png, id=907, 474.27188pt x 360.59718pt>
File: Demostracion/trianguloRobotsInicio.png Graphic file (type png)
<use Demostracion/trianguloRobotsInicio.png>
Package pdftex.def Info: Demostracion/trianguloRobotsInicio.png  used on input 
line 14.
(pdftex.def)             Requested size: 234.73523pt x 178.47139pt.

LaTeX Warning: `!h' float specifier changed to `!ht'.

<Demostracion/trayectoriaExp2.jpg, id=912, 567.11874pt x 425.59pt>
File: Demostracion/trayectoriaExp2.jpg Graphic file (type jpg)
<use Demostracion/trayectoriaExp2.jpg>
Package pdftex.def Info: Demostracion/trayectoriaExp2.jpg  used on input line 2
5.
(pdftex.def)             Requested size: 305.15292pt x 229.00342pt.
<Demostracion/velAutomatico.jpg, id=915, 567.11874pt x 425.59pt>
File: Demostracion/velAutomatico.jpg Graphic file (type jpg)
<use Demostracion/velAutomatico.jpg>
Package pdftex.def Info: Demostracion/velAutomatico.jpg  used on input line 32.

(pdftex.def)             Requested size: 305.15292pt x 229.00342pt.
[40 <./Demostracion/navegacion.jpg> <./Demostracion/posicionInicial.png> <./Dem
ostracion/posicionFinal.png>] [41 <./Demostracion/algoritmoExp2.png>] [42 <./De
mostracion/trianguloRobotsInicio.png (PNG copy)> <./Demostracion/trayectoriaExp
2.jpg>]
<Demostracion/LocalizacionRobots.png, id=934, 944.02687pt x 345.54094pt>
File: Demostracion/LocalizacionRobots.png Graphic file (type png)
<use Demostracion/LocalizacionRobots.png>
Package pdftex.def Info: Demostracion/LocalizacionRobots.png  used on input lin
e 40.
(pdftex.def)             Requested size: 305.15292pt x 111.69313pt.
 [43 <./Demostracion/velAutomatico.jpg> <./Demostracion/LocalizacionRobots.png>
]
Package epstopdf Info: Source file: <Demostracion/p21_thm1.eps>
(epstopdf)                    date: 2022-05-23 22:02:04
(epstopdf)                    size: 1223264 bytes
(epstopdf)             Output file: <Demostracion/p21_thm1-eps-converted-to.pdf
>
(epstopdf)                    date: 2022-06-17 21:54:05
(epstopdf)                    size: 155509 bytes
(epstopdf)             Command: <repstopdf --outfile=Demostracion/p21_thm1-eps-
converted-to.pdf Demostracion/p21_thm1.eps>
(epstopdf)             \includegraphics on input line 51.
Package epstopdf Info: Output file is already uptodate.
<Demostracion/p21_thm1-eps-converted-to.pdf, id=943, 1388.18625pt x 697.60625pt
>
File: Demostracion/p21_thm1-eps-converted-to.pdf Graphic file (type pdf)
<use Demostracion/p21_thm1-eps-converted-to.pdf>
Package pdftex.def Info: Demostracion/p21_thm1-eps-converted-to.pdf  used on in
put line 51.
(pdftex.def)             Requested size: 180.74632pt x 90.83037pt.
Package epstopdf Info: Source file: <Demostracion/p23_thm1.eps>
(epstopdf)                    date: 2022-05-23 22:01:50
(epstopdf)                    size: 1246615 bytes
(epstopdf)             Output file: <Demostracion/p23_thm1-eps-converted-to.pdf
>
(epstopdf)                    date: 2022-06-17 21:54:06
(epstopdf)                    size: 159347 bytes
(epstopdf)             Command: <repstopdf --outfile=Demostracion/p23_thm1-eps-
converted-to.pdf Demostracion/p23_thm1.eps>
(epstopdf)             \includegraphics on input line 58.
Package epstopdf Info: Output file is already uptodate.
<Demostracion/p23_thm1-eps-converted-to.pdf, id=944, 1388.18625pt x 697.60625pt
>
File: Demostracion/p23_thm1-eps-converted-to.pdf Graphic file (type pdf)
<use Demostracion/p23_thm1-eps-converted-to.pdf>
Package pdftex.def Info: Demostracion/p23_thm1-eps-converted-to.pdf  used on in
put line 58.
(pdftex.def)             Requested size: 180.74632pt x 90.83037pt.

Overfull \hbox (60.33325pt too wide) in paragraph at lines 49--62
[][]  [] 
 []

Package epstopdf Info: Source file: <Demostracion/p21_thm2.eps>
(epstopdf)                    date: 2022-05-23 22:02:38
(epstopdf)                    size: 884628 bytes
(epstopdf)             Output file: <Demostracion/p21_thm2-eps-converted-to.pdf
>
(epstopdf)                    date: 2022-06-17 21:54:53
(epstopdf)                    size: 115496 bytes
(epstopdf)             Command: <repstopdf --outfile=Demostracion/p21_thm2-eps-
converted-to.pdf Demostracion/p21_thm2.eps>
(epstopdf)             \includegraphics on input line 68.
Package epstopdf Info: Output file is already uptodate.
<Demostracion/p21_thm2-eps-converted-to.pdf, id=945, 1388.18625pt x 697.60625pt
>
File: Demostracion/p21_thm2-eps-converted-to.pdf Graphic file (type pdf)
<use Demostracion/p21_thm2-eps-converted-to.pdf>
Package pdftex.def Info: Demostracion/p21_thm2-eps-converted-to.pdf  used on in
put line 68.
(pdftex.def)             Requested size: 180.74632pt x 90.83037pt.
Package epstopdf Info: Source file: <Demostracion/p23_thm2.eps>
(epstopdf)                    date: 2022-05-23 22:02:24
(epstopdf)                    size: 890678 bytes
(epstopdf)             Output file: <Demostracion/p23_thm2-eps-converted-to.pdf
>
(epstopdf)                    date: 2022-06-17 21:54:54
(epstopdf)                    size: 117662 bytes
(epstopdf)             Command: <repstopdf --outfile=Demostracion/p23_thm2-eps-
converted-to.pdf Demostracion/p23_thm2.eps>
(epstopdf)             \includegraphics on input line 75.
Package epstopdf Info: Output file is already uptodate.
<Demostracion/p23_thm2-eps-converted-to.pdf, id=946, 1388.18625pt x 697.60625pt
>
File: Demostracion/p23_thm2-eps-converted-to.pdf Graphic file (type pdf)
<use Demostracion/p23_thm2-eps-converted-to.pdf>
Package pdftex.def Info: Demostracion/p23_thm2-eps-converted-to.pdf  used on in
put line 75.
(pdftex.def)             Requested size: 180.74632pt x 90.83037pt.

Overfull \hbox (60.33325pt too wide) in paragraph at lines 66--79
[][]  [] 
 []

[44 <./Demostracion/p21_thm1-eps-converted-to.pdf> <./Demostracion/p23_thm1-eps
-converted-to.pdf> <./Demostracion/p21_thm2-eps-converted-to.pdf> <./Demostraci
on/p23_thm2-eps-converted-to.pdf>])) (./Conclusiones.tex
Underfull \hbox (badness 10000) in paragraph at lines 2--3

 []


Underfull \hbox (badness 10000) in paragraph at lines 4--5

 []


Underfull \hbox (badness 10000) in paragraph at lines 6--7

 []


Underfull \hbox (badness 10000) in paragraph at lines 8--9

 []

) [45] (./bibliografia/Bibliografia.tex (./document.bbl
Underfull \hbox (badness 1038) in paragraph at lines 4--7
[]\OT1/cmr/m/n/10.95 Arduino.  Ar-duino nano 33 iot.  Avai-la-ble at []$\OT1/cm
tt/m/n/10.95 https : / / docs . arduino . cc / hardware /
 []


Underfull \hbox (badness 10000) in paragraph at lines 26--30
\OT1/cmtt/m/n/10.95 camaras-[]sensores / 2667-[]camara-[]de-[]5mp-[]para-[]rasp
berry-[]pi-[]3-[]160-[]-[]3272496298354 .
 []

)) 
AED: lastpage setting LastPage
[46]
Package atveryend Info: Empty hook `BeforeClearDocument' on input line 180.
Package atveryend Info: Empty hook `AfterLastShipout' on input line 180.
 (./document.aux
LaTeX Info: Redefining \. on input line 24.
LaTeX Info: Redefining \% on input line 24.
)
Package atveryend Info: Executing hook `AtVeryEndDocument' on input line 180.
Package atveryend Info: Executing hook `AtEndAfterFileList' on input line 180.
Package rerunfilecheck Info: File `document.out' has not changed.
(rerunfilecheck)             Checksum: FDD5F409ADCF7D9F37050E586035596A;5250.
Package atveryend Info: Empty hook `AtVeryVeryEnd' on input line 180.
 ) 
Here is how much of TeX's memory you used:
 33717 strings out of 481239
 748601 string characters out of 5920376
 1217609 words of memory out of 5000000
 48126 multiletter control sequences out of 15000+600000
 542113 words of font info for 58 fonts, out of 8000000 for 9000
 1141 hyphenation exceptions out of 8191
 60i,11n,71p,1965b,1443s stack positions out of 5000i,500n,10000p,200000b,80000s
{/usr/share/texmf/fonts/enc/dvips/cm-super/cm-super-ts1.enc}</usr/share/texli
ve/texmf-dist/fonts/type1/public/amsfonts/cm/cmbx10.pfb></usr/share/texlive/tex
mf-dist/fonts/type1/public/amsfonts/cm/cmbx12.pfb></usr/share/texlive/texmf-dis
t/fonts/type1/public/amsfonts/cm/cmbx9.pfb></usr/share/texlive/texmf-dist/fonts
/type1/public/amsfonts/cm/cmcsc10.pfb></usr/share/texlive/texmf-dist/fonts/type
1/public/amsfonts/cm/cmex10.pfb></usr/share/texlive/texmf-dist/fonts/type1/publ
ic/amsfonts/cm/cmmi10.pfb></usr/share/texlive/texmf-dist/fonts/type1/public/ams
fonts/cm/cmmi12.pfb></usr/share/texlive/texmf-dist/fonts/type1/public/amsfonts/
cm/cmmi6.pfb></usr/share/texlive/texmf-dist/fonts/type1/public/amsfonts/cm/cmmi
8.pfb></usr/share/texlive/texmf-dist/fonts/type1/public/amsfonts/cm/cmr10.pfb><
/usr/share/texlive/texmf-dist/fonts/type1/public/amsfonts/cm/cmr12.pfb></usr/sh
are/texlive/texmf-dist/fonts/type1/public/amsfonts/cm/cmr17.pfb></usr/share/tex
live/texmf-dist/fonts/type1/public/amsfonts/cm/cmr6.pfb></usr/share/texlive/tex
mf-dist/fonts/type1/public/amsfonts/cm/cmr8.pfb></usr/share/texlive/texmf-dist/
fonts/type1/public/amsfonts/cm/cmr9.pfb></usr/share/texlive/texmf-dist/fonts/ty
pe1/public/amsfonts/cm/cmss12.pfb></usr/share/texlive/texmf-dist/fonts/type1/pu
blic/amsfonts/cm/cmss17.pfb></usr/share/texlive/texmf-dist/fonts/type1/public/a
msfonts/cm/cmsy10.pfb></usr/share/texlive/texmf-dist/fonts/type1/public/amsfont
s/cm/cmsy6.pfb></usr/share/texlive/texmf-dist/fonts/type1/public/amsfonts/cm/cm
sy8.pfb></usr/share/texlive/texmf-dist/fonts/type1/public/amsfonts/cm/cmsy9.pfb
></usr/share/texlive/texmf-dist/fonts/type1/public/amsfonts/cm/cmti10.pfb></usr
/share/texlive/texmf-dist/fonts/type1/public/amsfonts/cm/cmti9.pfb></usr/share/
texlive/texmf-dist/fonts/type1/public/amsfonts/cm/cmtt10.pfb></usr/share/texliv
e/texmf-dist/fonts/type1/public/eurosym/feymr10.pfb></usr/share/texmf/fonts/typ
e1/public/cm-super/sfrm0900.pfb></usr/share/texmf/fonts/type1/public/cm-super/s
frm1095.pfb></usr/share/texmf/fonts/type1/public/cm-super/sfti0900.pfb>
Output written on document.pdf (53 pages, 33884223 bytes).
PDF statistics:
 1165 PDF objects out of 1200 (max. 8388607)
 982 compressed objects within 10 object streams
 241 named destinations out of 1000 (max. 500000)
 862 words of extra memory for PDF output out of 10000 (max. 10000000)

