\BOOKMARK [0][-]{PDFAutorizacionPage.0}{Autorizaci\363n}{}% 1
\BOOKMARK [1][-]{section.1}{Introducci\363n}{PDFAutorizacionPage.0}% 2
\BOOKMARK [2][-]{subsection.1.1}{Estado del arte}{section.1}% 3
\BOOKMARK [2][-]{subsection.1.2}{Motivaci\363n}{section.1}% 4
\BOOKMARK [2][-]{subsection.1.3}{Objetivos}{section.1}% 5
\BOOKMARK [3][-]{subsubsection.1.3.1}{Objetivos espec\355ficos }{subsection.1.3}% 6
\BOOKMARK [1][-]{section.2}{Metodolog\355a}{PDFAutorizacionPage.0}% 7
\BOOKMARK [2][-]{subsection.2.1}{Estudio preliminar de entornos de pruebas existentes}{section.2}% 8
\BOOKMARK [2][-]{subsection.2.2}{Selecci\363n de componentes y software}{section.2}% 9
\BOOKMARK [2][-]{subsection.2.3}{Construcci\363n de un primer robot}{section.2}% 10
\BOOKMARK [3][-]{subsubsection.2.3.1}{Motor}{subsection.2.3}% 11
\BOOKMARK [3][-]{subsubsection.2.3.2}{Encoders y estimaci\363n de la velocidad}{subsection.2.3}% 12
\BOOKMARK [3][-]{subsubsection.2.3.3}{Programaci\363n del robot y verificaci\363n del robot montado}{subsection.2.3}% 13
\BOOKMARK [2][-]{subsection.2.4}{Construcci\363n de copias del primer robot}{section.2}% 14
\BOOKMARK [2][-]{subsection.2.5}{Configuraci\363n y desarrollo de red de comunicaci\363n}{section.2}% 15
\BOOKMARK [2][-]{subsection.2.6}{Programaci\363n para visi\363n por computador}{section.2}% 16
\BOOKMARK [2][-]{subsection.2.7}{Configuraci\363n y programaci\363n de RaspberryPI}{section.2}% 17
\BOOKMARK [2][-]{subsection.2.8}{Realizaci\363n de experimentos}{section.2}% 18
\BOOKMARK [2][-]{subsection.2.9}{Planificaci\363n de proyecto}{section.2}% 19
\BOOKMARK [1][-]{section.3}{Hardware y software}{PDFAutorizacionPage.0}% 20
\BOOKMARK [2][-]{subsection.3.1}{Robot m\363vil}{section.3}% 21
\BOOKMARK [3][-]{subsubsection.3.1.1}{Chasis del robot}{subsection.3.1}% 22
\BOOKMARK [3][-]{subsubsection.3.1.2}{Arduino nano 33 IoT}{subsection.3.1}% 23
\BOOKMARK [3][-]{subsubsection.3.1.3}{Integrado L298n, puente H}{subsection.3.1}% 24
\BOOKMARK [3][-]{subsubsection.3.1.4}{Bater\355a}{subsection.3.1}% 25
\BOOKMARK [3][-]{subsubsection.3.1.5}{LM2596 \(conversor DC-DC\)}{subsection.3.1}% 26
\BOOKMARK [3][-]{subsubsection.3.1.6}{Encoder \363ptico}{subsection.3.1}% 27
\BOOKMARK [3][-]{subsubsection.3.1.7}{RaspberryPi y Picam}{subsection.3.1}% 28
\BOOKMARK [3][-]{subsubsection.3.1.8}{Montaje final de robots}{subsection.3.1}% 29
\BOOKMARK [2][-]{subsection.3.2}{Camara logitech C920}{section.3}% 30
\BOOKMARK [2][-]{subsection.3.3}{Ordenador de sobremesa}{section.3}% 31
\BOOKMARK [2][-]{subsection.3.4}{Suelo de goma}{section.3}% 32
\BOOKMARK [2][-]{subsection.3.5}{Router}{section.3}% 33
\BOOKMARK [2][-]{subsection.3.6}{Software}{section.3}% 34
\BOOKMARK [3][-]{subsubsection.3.6.1}{OpenCV}{subsection.3.6}% 35
\BOOKMARK [3][-]{subsubsection.3.6.2}{Lenguaje de programaci\363n}{subsection.3.6}% 36
\BOOKMARK [2][-]{subsection.3.7}{Coste del material}{section.3}% 37
\BOOKMARK [2][-]{subsection.3.8}{Montaje final de Robotario}{section.3}% 38
\BOOKMARK [1][-]{section.4}{Estimaci\363n de la velocidad}{PDFAutorizacionPage.0}% 39
\BOOKMARK [2][-]{subsection.4.1}{Limitaci\363n de la alimentaci\363n del motor}{section.4}% 40
\BOOKMARK [2][-]{subsection.4.2}{Tratamiento del ruido}{section.4}% 41
\BOOKMARK [1][-]{section.5}{Control del Motor DC}{PDFAutorizacionPage.0}% 42
\BOOKMARK [2][-]{subsection.5.1}{Cuantizaci\363n del voltaje}{section.5}% 43
\BOOKMARK [2][-]{subsection.5.2}{Dise\361o del controlador}{section.5}% 44
\BOOKMARK [2][-]{subsection.5.3}{Sintonizaci\363n de par\341metros PID}{section.5}% 45
\BOOKMARK [1][-]{section.6}{Navegaci\363n del robot}{PDFAutorizacionPage.0}% 46
\BOOKMARK [1][-]{section.7}{Localizaci\363n de los robots}{PDFAutorizacionPage.0}% 47
\BOOKMARK [2][-]{subsection.7.1}{Calibraci\363n de c\341maras}{section.7}% 48
\BOOKMARK [2][-]{subsection.7.2}{Identificaci\363n y localizaci\363n}{section.7}% 49
\BOOKMARK [2][-]{subsection.7.3}{Ruido en la estimaci\363n de posici\363n}{section.7}% 50
\BOOKMARK [1][-]{section.8}{Dise\361o y configuraci\363n de la red de Comunicaci\363n}{PDFAutorizacionPage.0}% 51
\BOOKMARK [2][-]{subsection.8.1}{Red LAN}{section.8}% 52
\BOOKMARK [2][-]{subsection.8.2}{Caracter\355sticas de la red}{section.8}% 53
\BOOKMARK [1][-]{section.9}{Estructura del software}{PDFAutorizacionPage.0}% 54
\BOOKMARK [2][-]{subsection.9.1}{Servidor}{section.9}% 55
\BOOKMARK [2][-]{subsection.9.2}{placa de Arduino}{section.9}% 56
\BOOKMARK [2][-]{subsection.9.3}{RaspberryPi}{section.9}% 57
\BOOKMARK [1][-]{section.10}{Demostraci\363n del robotario}{PDFAutorizacionPage.0}% 58
\BOOKMARK [2][-]{subsection.10.1}{Experimento I}{section.10}% 59
\BOOKMARK [2][-]{subsection.10.2}{Experimento II}{section.10}% 60
\BOOKMARK [2][-]{subsection.10.3}{Preparaci\363n del experimento}{section.10}% 61
\BOOKMARK [2][-]{subsection.10.4}{Resultados}{section.10}% 62
\BOOKMARK [1][-]{section.11}{Conclusiones}{PDFAutorizacionPage.0}% 63
\BOOKMARK [2][-]{subsection.11.1}{Futuros trabajos}{section.11}% 64
